<?xml version="1.0" encoding="UTF-8"?>
<testsuite xmlns:xsi="http://www.w3.org/2001/XMLSchema-instance" xsi:noNamespaceSchemaLocation="https://maven.apache.org/surefire/maven-surefire-plugin/xsd/surefire-test-report.xsd" name="AFPA.CDA06.demo.SocietyTest" time="0.036" tests="7" errors="0" skipped="0" failures="0">
  <properties>
    <property name="sun.desktop" value="windows"/>
    <property name="awt.toolkit" value="sun.awt.windows.WToolkit"/>
    <property name="java.specification.version" value="11"/>
    <property name="sun.cpu.isalist" value="amd64"/>
    <property name="sun.jnu.encoding" value="Cp1252"/>
    <property name="java.class.path" value="D:\Dev\Maven\Projets_AFPA\ReversoBis\target\test-classes;D:\Dev\Maven\Projets_AFPA\ReversoBis\target\classes;D:\Dev\Maven\Repository\org\junit\jupiter\junit-jupiter-api\5.6.0\junit-jupiter-api-5.6.0.jar;D:\Dev\Maven\Repository\org\apiguardian\apiguardian-api\1.1.0\apiguardian-api-1.1.0.jar;D:\Dev\Maven\Repository\org\opentest4j\opentest4j\1.2.0\opentest4j-1.2.0.jar;D:\Dev\Maven\Repository\org\junit\jupiter\junit-jupiter-engine\5.6.0\junit-jupiter-engine-5.6.0.jar;D:\Dev\Maven\Repository\org\junit\platform\junit-platform-engine\1.6.0\junit-platform-engine-1.6.0.jar;D:\Dev\Maven\Repository\org\junit\jupiter\junit-jupiter-params\5.6.0\junit-jupiter-params-5.6.0.jar;D:\Dev\Maven\Repository\com\intellij\forms_rt\7.0.3\forms_rt-7.0.3.jar;D:\Dev\Maven\Repository\asm\asm-commons\3.0\asm-commons-3.0.jar;D:\Dev\Maven\Repository\asm\asm-tree\3.0\asm-tree-3.0.jar;D:\Dev\Maven\Repository\asm\asm\3.0\asm-3.0.jar;D:\Dev\Maven\Repository\com\jgoodies\forms\1.1-preview\forms-1.1-preview.jar;D:\Dev\Maven\Repository\jdom\jdom\1.0\jdom-1.0.jar;D:\Dev\Maven\Repository\org\junit\jupiter\junit-jupiter\5.4.0\junit-jupiter-5.4.0.jar;D:\Dev\Maven\Repository\mysql\mysql-connector-java\8.0.23\mysql-connector-java-8.0.23.jar;D:\Dev\Maven\Repository\com\google\protobuf\protobuf-java\3.11.4\protobuf-java-3.11.4.jar;D:\Dev\Maven\Repository\org\apache\logging\log4j\log4j-api\2.14.0\log4j-api-2.14.0.jar;D:\Dev\Maven\Repository\org\apache\logging\log4j\log4j-core\2.14.0\log4j-core-2.14.0.jar;D:\Dev\Maven\Repository\org\junit\platform\junit-platform-commons\1.6.0\junit-platform-commons-1.6.0.jar;"/>
    <property name="java.vm.vendor" value="Oracle Corporation"/>
    <property name="sun.arch.data.model" value="64"/>
    <property name="user.variant" value=""/>
    <property name="java.vendor.url" value="https://openjdk.java.net/"/>
    <property name="user.timezone" value="Europe/Paris"/>
    <property name="java.vm.specification.version" value="11"/>
    <property name="os.name" value="Windows 10"/>
    <property name="sun.java.launcher" value="SUN_STANDARD"/>
    <property name="user.country" value="FR"/>
    <property name="sun.boot.library.path" value="C:\Program Files\Java\jdk-11.0.9\bin"/>
    <property name="sun.java.command" value="C:\Users\Erwan\AppData\Local\Temp\surefire2866232640168658219\surefirebooter7770613666825509947.jar C:\Users\Erwan\AppData\Local\Temp\surefire2866232640168658219 2021-02-16T12-48-17_995-jvmRun1 surefire17106659064249872497tmp surefire_011241335905258027452tmp"/>
    <property name="jdk.debug" value="release"/>
    <property name="surefire.test.class.path" value="D:\Dev\Maven\Projets_AFPA\ReversoBis\target\test-classes;D:\Dev\Maven\Projets_AFPA\ReversoBis\target\classes;D:\Dev\Maven\Repository\org\junit\jupiter\junit-jupiter-api\5.6.0\junit-jupiter-api-5.6.0.jar;D:\Dev\Maven\Repository\org\apiguardian\apiguardian-api\1.1.0\apiguardian-api-1.1.0.jar;D:\Dev\Maven\Repository\org\opentest4j\opentest4j\1.2.0\opentest4j-1.2.0.jar;D:\Dev\Maven\Repository\org\junit\jupiter\junit-jupiter-engine\5.6.0\junit-jupiter-engine-5.6.0.jar;D:\Dev\Maven\Repository\org\junit\platform\junit-platform-engine\1.6.0\junit-platform-engine-1.6.0.jar;D:\Dev\Maven\Repository\org\junit\jupiter\junit-jupiter-params\5.6.0\junit-jupiter-params-5.6.0.jar;D:\Dev\Maven\Repository\com\intellij\forms_rt\7.0.3\forms_rt-7.0.3.jar;D:\Dev\Maven\Repository\asm\asm-commons\3.0\asm-commons-3.0.jar;D:\Dev\Maven\Repository\asm\asm-tree\3.0\asm-tree-3.0.jar;D:\Dev\Maven\Repository\asm\asm\3.0\asm-3.0.jar;D:\Dev\Maven\Repository\com\jgoodies\forms\1.1-preview\forms-1.1-preview.jar;D:\Dev\Maven\Repository\jdom\jdom\1.0\jdom-1.0.jar;D:\Dev\Maven\Repository\org\junit\jupiter\junit-jupiter\5.4.0\junit-jupiter-5.4.0.jar;D:\Dev\Maven\Repository\mysql\mysql-connector-java\8.0.23\mysql-connector-java-8.0.23.jar;D:\Dev\Maven\Repository\com\google\protobuf\protobuf-java\3.11.4\protobuf-java-3.11.4.jar;D:\Dev\Maven\Repository\org\apache\logging\log4j\log4j-api\2.14.0\log4j-api-2.14.0.jar;D:\Dev\Maven\Repository\org\apache\logging\log4j\log4j-core\2.14.0\log4j-core-2.14.0.jar;D:\Dev\Maven\Repository\org\junit\platform\junit-platform-commons\1.6.0\junit-platform-commons-1.6.0.jar;"/>
    <property name="sun.cpu.endian" value="little"/>
    <property name="user.home" value="C:\Users\Erwan"/>
    <property name="user.language" value="fr"/>
    <property name="java.specification.vendor" value="Oracle Corporation"/>
    <property name="java.version.date" value="2020-10-20"/>
    <property name="java.home" value="C:\Program Files\Java\jdk-11.0.9"/>
    <property name="file.separator" value="\"/>
    <property name="basedir" value="D:\Dev\Maven\Projets_AFPA\ReversoBis"/>
    <property name="java.vm.compressedOopsMode" value="Zero based"/>
    <property name="line.separator" value="&#10;"/>
    <property name="java.specification.name" value="Java Platform API Specification"/>
    <property name="java.vm.specification.vendor" value="Oracle Corporation"/>
    <property name="java.awt.graphicsenv" value="sun.awt.Win32GraphicsEnvironment"/>
    <property name="surefire.real.class.path" value="C:\Users\Erwan\AppData\Local\Temp\surefire2866232640168658219\surefirebooter7770613666825509947.jar"/>
    <property name="user.script" value=""/>
    <property name="sun.management.compiler" value="HotSpot 64-Bit Tiered Compilers"/>
    <property name="java.runtime.version" value="11.0.9+7-LTS"/>
    <property name="user.name" value="Erwan"/>
    <property name="path.separator" value=";"/>
    <property name="os.version" value="10.0"/>
    <property name="java.runtime.name" value="Java(TM) SE Runtime Environment"/>
    <property name="file.encoding" value="Cp1252"/>
    <property name="java.vm.name" value="Java HotSpot(TM) 64-Bit Server VM"/>
    <property name="java.vendor.version" value="18.9"/>
    <property name="localRepository" value="D:\Dev\Maven\Repository"/>
    <property name="java.vendor.url.bug" value="https://bugreport.java.com/bugreport/"/>
    <property name="java.io.tmpdir" value="C:\Users\Erwan\AppData\Local\Temp\"/>
    <property name="java.version" value="11.0.9"/>
    <property name="user.dir" value="D:\Dev\Maven\Projets_AFPA\ReversoBis"/>
    <property name="os.arch" value="amd64"/>
    <property name="java.vm.specification.name" value="Java Virtual Machine Specification"/>
    <property name="java.awt.printerjob" value="sun.awt.windows.WPrinterJob"/>
    <property name="sun.os.patch.level" value=""/>
    <property name="java.library.path" value="C:\Program Files\Java\jdk-11.0.9\bin;C:\WINDOWS\Sun\Java\bin;C:\WINDOWS\system32;C:\WINDOWS;C:\Program Files\Common Files\Oracle\Java\javapath;C:\ProgramData\Oracle\Java\javapath;C:\Windows\system32;C:\Windows;C:\Windows\System32\Wbem;C:\Windows\System32\WindowsPowerShell\v1.0\;C:\Program Files (x86)\NVIDIA Corporation\PhysX\Common;C:\WINDOWS\system32;C:\WINDOWS;C:\WINDOWS\System32\Wbem;C:\WINDOWS\System32\WindowsPowerShell\v1.0\;C:\WINDOWS\System32\OpenSSH\;C:\Program Files\NVIDIA Corporation\NVIDIA NvDLISR;C:\Program Files\PuTTY\;C:\Program Files\nodejs\;C:\Program Files\Microsoft SQL Server\130\Tools\Binn\;C:\Program Files\Microsoft SQL Server\Client SDK\ODBC\170\Tools\Binn\;C:\Program Files\Git\cmd;C:\WINDOWS\system32;C:\WINDOWS;C:\WINDOWS\System32\Wbem;C:\WINDOWS\System32\WindowsPowerShell\v1.0\;C:\WINDOWS\System32\OpenSSH\;C:\Program Files\dotnet\;C:\Program Files\Azure Data Studio\bin;C:\Program Files (x86)\Microsoft SQL Server\150\Tools\Binn\;C:\Program Files\Microsoft SQL Server\150\Tools\Binn\;C:\Program Files\Microsoft SQL Server\150\DTS\Binn\;C:\Program Files (x86)\Microsoft SQL Server\150\DTS\Binn\;C:\Program Files\apache-maven-3.6.3\bin;C:\Users\Erwan\AppData\Local\Microsoft\WindowsApps;C:\Users\Erwan\AppData\Roaming\npm;C:\Users\Erwan\.dotnet\tools;C:\Users\Erwan\AppData\Local\Microsoft\WindowsApps;;D:\IntelliJ IDEA Community Edition 2020.2.3\bin;;C:\Users\Erwan\.dotnet\tools;C:\Program Files\Azure Data Studio\bin;."/>
    <property name="java.vendor" value="Oracle Corporation"/>
    <property name="java.vm.info" value="mixed mode"/>
    <property name="java.vm.version" value="11.0.9+7-LTS"/>
    <property name="sun.io.unicode.encoding" value="UnicodeLittle"/>
    <property name="java.class.version" value="55.0"/>
  </properties>
  <testcase name="invalidFormatMail{String}[1]" classname="AFPA.CDA06.demo.SocietyTest" time="0.017"/>
  <testcase name="invalidFormatMail{String}[2]" classname="AFPA.CDA06.demo.SocietyTest" time="0.001"/>
  <testcase name="invalidFormatMail{String}[3]" classname="AFPA.CDA06.demo.SocietyTest" time="0.001"/>
  <testcase name="invalidFormatMail{String}[4]" classname="AFPA.CDA06.demo.SocietyTest" time="0.001"/>
  <testcase name="invalidFormatMail{String}[5]" classname="AFPA.CDA06.demo.SocietyTest" time="0.001"/>
  <testcase name="invalidFormatMail{String}[6]" classname="AFPA.CDA06.demo.SocietyTest" time="0.001"/>
  <testcase name="valueNullOrEmptyCompagnyName" classname="AFPA.CDA06.demo.SocietyTest" time="0.001"/>
</testsuite>